<?xml version="1.0" encoding="UTF-8"?>
<!-- Generated by org.testng.reporters.JUnitReportReporter -->
<testsuite skipped="0" hostname="LAPTOP-BNLU8FNL" name="com.uiFramework.company.Eruinmart.testScripts.Signuppage_Test" tests="1" failures="0" timestamp="2021-03-06T15:32:31 IST" time="23.402" errors="0">
  <testcase name="testLoginToApplication" time="23.402" classname="com.uiFramework.company.Eruinmart.testScripts.Signuppage_Test"/>
  <system-out>
captureScreen method called <a href='C:\Users\sanjit sahoo\git\UiautomationTask\latestPageObjectModelFramework-master\src\main\resources\screenShots\blank_06_03_2021_03_32_26.png'><img src='C:\Users\sanjit sahoo\git\UiautomationTask\latestPageObjectModelFramework-master\src\main\resources\screenShots\blank_06_03_2021_03_32_26.png'height='100' width='100'/></a> captureScreen method called <a href='C:\Users\sanjit sahoo\git\UiautomationTask\latestPageObjectModelFramework-master\src\main\resources\screenShots\blank_06_03_2021_03_32_28.png'><img src='C:\Users\sanjit sahoo\git\UiautomationTask\latestPageObjectModelFramework-master\src\main\resources\screenShots\blank_06_03_2021_03_32_28.png'height='100' width='100'/></a>  </system-out>
</testsuite> <!-- com.uiFramework.company.Eruinmart.testScripts.Signuppage_Test -->
