<?xml version="1.0" encoding="UTF-8"?>
<!-- Generated by org.testng.reporters.JUnitReportReporter -->
<testsuite skipped="0" hostname="LAPTOP-BNLU8FNL" name="com.uiFramework.company.Eruinmart.testScripts.loginPage.LoginTest" tests="1" failures="0" timestamp="2021-03-03T01:34:49 IST" time="11.619" errors="0">
  <testcase name="testLoginToApplication" time="11.619" classname="com.uiFramework.company.Eruinmart.testScripts.loginPage.LoginTest"/>
  <system-out>
captureScreen method called <a href='C:\Users\sanjit sahoo\Eclipse wp2\latestPageObjectModelFramework-master\src\main\resources\screenShots\blank_03_03_2021_01_34_44.png'><img src='C:\Users\sanjit sahoo\Eclipse wp2\latestPageObjectModelFramework-master\src\main\resources\screenShots\blank_03_03_2021_01_34_44.png'height='100' width='100'/></a>  </system-out>
</testsuite> <!-- com.uiFramework.company.Eruinmart.testScripts.loginPage.LoginTest -->
