<?xml version="1.0" encoding="UTF-8"?>
<!-- Generated by org.testng.reporters.JUnitReportReporter -->
<testsuite skipped="1" hostname="LAPTOP-BNLU8FNL" name="com.uiFramework.company.Eruinmart.testScripts.LoginTestWithDataDrivenApproach" tests="3" failures="0" timestamp="2021-03-06T15:30:12 IST" time="13.664" errors="0">
  <testcase name="loginTest" time="6.046" classname="com.uiFramework.company.Eruinmart.testScripts.LoginTestWithDataDrivenApproach"/>
  <system-out>
captureScreen method called <a href='C:\Users\sanjit sahoo\git\UiautomationTask\latestPageObjectModelFramework-master\src\main\resources\screenShots\blank_06_03_2021_03_30_00.png'><img src='C:\Users\sanjit sahoo\git\UiautomationTask\latestPageObjectModelFramework-master\src\main\resources\screenShots\blank_06_03_2021_03_30_00.png'height='100' width='100'/></a>  </system-out>
  <testcase name="loginTest" time="0.123" classname="com.uiFramework.company.Eruinmart.testScripts.LoginTestWithDataDrivenApproach">
    <skipped/>
  </testcase> <!-- loginTest -->
  <system-out/>
  <testcase name="loginTest" time="7.495" classname="com.uiFramework.company.Eruinmart.testScripts.LoginTestWithDataDrivenApproach"/>
  <system-out>
captureScreen method called <a href='C:\Users\sanjit sahoo\git\UiautomationTask\latestPageObjectModelFramework-master\src\main\resources\screenShots\blank_06_03_2021_03_30_09.png'><img src='C:\Users\sanjit sahoo\git\UiautomationTask\latestPageObjectModelFramework-master\src\main\resources\screenShots\blank_06_03_2021_03_30_09.png'height='100' width='100'/></a>  </system-out>
</testsuite> <!-- com.uiFramework.company.Eruinmart.testScripts.LoginTestWithDataDrivenApproach -->
