<?xml version="1.0" encoding="UTF-8"?>
<!-- Generated by org.testng.reporters.JUnitReportReporter -->
<testsuite skipped="1" hostname="LAPTOP-BNLU8FNL" name="com.uiFramework.company.Eruinmart.testScripts.loginPage.LoginTestWithDataDrivenApproach" tests="3" failures="0" timestamp="2021-03-03T01:37:33 IST" time="9.588" errors="0">
  <testcase name="loginTest" time="0.977" classname="com.uiFramework.company.Eruinmart.testScripts.loginPage.LoginTestWithDataDrivenApproach">
    <skipped/>
  </testcase> <!-- loginTest -->
  <system-out/>
  <testcase name="loginTest" time="4.429" classname="com.uiFramework.company.Eruinmart.testScripts.loginPage.LoginTestWithDataDrivenApproach"/>
  <system-out/>
  <testcase name="loginTest" time="4.182" classname="com.uiFramework.company.Eruinmart.testScripts.loginPage.LoginTestWithDataDrivenApproach"/>
  <system-out/>
</testsuite> <!-- com.uiFramework.company.Eruinmart.testScripts.loginPage.LoginTestWithDataDrivenApproach -->
