<?xml version="1.0" encoding="UTF-8"?>
<!-- Generated by org.testng.reporters.JUnitReportReporter -->
<testsuite skipped="0" hostname="LAPTOP-BNLU8FNL" name="com.uiFramework.company.Eruinmart.testScripts.loginPage.Signuppage_Test" tests="1" failures="0" timestamp="2021-03-03T01:36:39 IST" time="9.180" errors="0">
  <testcase name="testLoginToApplication" time="9.180" classname="com.uiFramework.company.Eruinmart.testScripts.loginPage.Signuppage_Test"/>
  <system-out>
captureScreen method called <a href='C:\Users\sanjit sahoo\Eclipse wp2\latestPageObjectModelFramework-master\src\main\resources\screenShots\blank_03_03_2021_01_36_36.png'><img src='C:\Users\sanjit sahoo\Eclipse wp2\latestPageObjectModelFramework-master\src\main\resources\screenShots\blank_03_03_2021_01_36_36.png'height='100' width='100'/></a>  </system-out>
</testsuite> <!-- com.uiFramework.company.Eruinmart.testScripts.loginPage.Signuppage_Test -->
