<?xml version="1.0" encoding="UTF-8"?>
<!-- Generated by org.testng.reporters.JUnitReportReporter -->
<testsuite skipped="0" hostname="LAPTOP-BNLU8FNL" name="com.uiFramework.company.Eruinmart.testScripts.LoginTest" tests="1" failures="0" timestamp="2021-03-06T15:36:40 IST" time="24.794" errors="0">
  <testcase name="testLoginToApplication" time="24.794" classname="com.uiFramework.company.Eruinmart.testScripts.LoginTest"/>
  <system-out>
captureScreen method called <a href='C:\Users\sanjit sahoo\git\UiautomationTask\latestPageObjectModelFramework-master\src\main\resources\screenShots\blank_06_03_2021_03_36_29.png'><img src='C:\Users\sanjit sahoo\git\UiautomationTask\latestPageObjectModelFramework-master\src\main\resources\screenShots\blank_06_03_2021_03_36_29.png'height='100' width='100'/></a> captureScreen method called <a href='C:\Users\sanjit sahoo\git\UiautomationTask\latestPageObjectModelFramework-master\src\main\resources\screenShots\blank_06_03_2021_03_36_33.png'><img src='C:\Users\sanjit sahoo\git\UiautomationTask\latestPageObjectModelFramework-master\src\main\resources\screenShots\blank_06_03_2021_03_36_33.png'height='100' width='100'/></a> captureScreen method called <a href='C:\Users\sanjit sahoo\git\UiautomationTask\latestPageObjectModelFramework-master\src\main\resources\screenShots\blank_06_03_2021_03_36_35.png'><img src='C:\Users\sanjit sahoo\git\UiautomationTask\latestPageObjectModelFramework-master\src\main\resources\screenShots\blank_06_03_2021_03_36_35.png'height='100' width='100'/></a> captureScreen method called <a href='C:\Users\sanjit sahoo\git\UiautomationTask\latestPageObjectModelFramework-master\src\main\resources\screenShots\blank_06_03_2021_03_36_37.png'><img src='C:\Users\sanjit sahoo\git\UiautomationTask\latestPageObjectModelFramework-master\src\main\resources\screenShots\blank_06_03_2021_03_36_37.png'height='100' width='100'/></a>  </system-out>
</testsuite> <!-- com.uiFramework.company.Eruinmart.testScripts.LoginTest -->
